<?xml version="1.0" encoding="UTF-8"?>
<!-- Generated by org.testng.reporters.JUnitReportReporter -->
<testsuite skipped="0" hostname="PG014UCR" name="getRequestValidationLatest.TC_06_Get_Single_City_Verification" tests="1" failures="0" timestamp="28 Aug 2018 08:24:53 GMT" time="3.865" errors="0">
  <testcase name="testWeather" time="3.865" classname="getRequestValidationLatest.TC_06_Get_Single_City_Verification"/>
</testsuite> <!-- getRequestValidationLatest.TC_06_Get_Single_City_Verification -->
