<?xml version="1.0" encoding="UTF-8"?>
<!-- Generated by org.testng.reporters.JUnitReportReporter -->
<testsuite skipped="0" hostname="PG014UCR" name="getRequestValidationLatest.TC_08_BackbaseSampleApp" tests="1" failures="0" timestamp="02 Sep 2018 05:35:17 GMT" time="3.395" errors="0">
  <testcase name="tc_08_TestGetReq" time="3.395" classname="getRequestValidationLatest.TC_08_BackbaseSampleApp"/>
</testsuite> <!-- getRequestValidationLatest.TC_08_BackbaseSampleApp -->
