<?xml version="1.0" encoding="UTF-8"?>
<!-- Generated by org.testng.reporters.JUnitReportReporter -->
<testsuite skipped="0" hostname="PG014UCR" name="postRequestAdvanceMultiArrayObjects.TC_03_PostMutliArrayObjects" tests="1" failures="0" timestamp="31 Aug 2018 11:10:48 GMT" time="0.017" errors="0">
  <testcase name="testPostRequest" time="0.017" classname="postRequestAdvanceMultiArrayObjects.TC_03_PostMutliArrayObjects"/>
</testsuite> <!-- postRequestAdvanceMultiArrayObjects.TC_03_PostMutliArrayObjects -->
