<?xml version="1.0" encoding="UTF-8"?>
<!-- Generated by org.testng.reporters.JUnitReportReporter -->
<testsuite skipped="0" hostname="PG014UCR" name="getRequestValidationLatest.TC_05" tests="1" failures="0" timestamp="14 Aug 2018 17:04:53 GMT" time="4.831" errors="0">
  <testcase name="validTest" time="4.831" classname="getRequestValidationLatest.TC_05"/>
</testsuite> <!-- getRequestValidationLatest.TC_05 -->
