<?xml version="1.0" encoding="UTF-8"?>
<!-- Generated by org.testng.reporters.JUnitReportReporter -->
<testsuite skipped="0" hostname="PG014UCR" name="postRequestValidation.TC_01" tests="1" failures="0" timestamp="30 Aug 2018 07:39:59 GMT" time="3.375" errors="0">
  <testcase name="TC_01" time="3.375" classname="postRequestValidation.TC_01"/>
</testsuite> <!-- postRequestValidation.TC_01 -->
