<?xml version="1.0" encoding="UTF-8"?>
<!-- Generated by org.testng.reporters.JUnitReportReporter -->
<testsuite skipped="0" hostname="PG014UCR" name="getRequestValidationLatest.TC_04_TestWeatherAPIWithDataProvider_Cities_With_Extent_Manager" tests="3" failures="0" timestamp="12 Sep 2018 08:06:34 GMT" time="3.769" errors="0">
  <testcase name="TestWeatherAPIWithDataProvider" time="2.398" classname="getRequestValidationLatest.TC_04_TestWeatherAPIWithDataProvider_Cities_With_Extent_Manager"/>
  <testcase name="TestWeatherAPIWithDataProvider" time="0.744" classname="getRequestValidationLatest.TC_04_TestWeatherAPIWithDataProvider_Cities_With_Extent_Manager"/>
  <testcase name="TestWeatherAPIWithDataProvider" time="0.627" classname="getRequestValidationLatest.TC_04_TestWeatherAPIWithDataProvider_Cities_With_Extent_Manager"/>
</testsuite> <!-- getRequestValidationLatest.TC_04_TestWeatherAPIWithDataProvider_Cities_With_Extent_Manager -->
